This is pdfTeX, Version 3.14159265-2.6-1.40.19 (TeX Live 2018) (preloaded format=pdflatex 2018.4.16)  2 JUN 2021 20:23
entering extended mode
 restricted \write18 enabled.
 file:line:error style messages enabled.
 %&-line parsing enabled.
**/Users/aaronkelley/Documents/Academic/School/UNAM/Semestre2/TDI/ProyectoFinal/final/main
(/Users/aaronkelley/Documents/Academic/School/UNAM/Semestre2/TDI/ProyectoFinal/final/main.tex
LaTeX2e <2018-04-01> patch level 2
Babel <3.18> and hyphenation patterns for 84 language(s) loaded.
(/usr/local/texlive/2018/texmf-dist/tex/latex/base/article.cls
Document Class: article 2014/09/29 v1.4h Standard LaTeX document class
(/usr/local/texlive/2018/texmf-dist/tex/latex/base/size11.clo
File: size11.clo 2014/09/29 v1.4h Standard LaTeX file (size option)
)
\c@part=\count80
\c@section=\count81
\c@subsection=\count82
\c@subsubsection=\count83
\c@paragraph=\count84
\c@subparagraph=\count85
\c@figure=\count86
\c@table=\count87
\abovecaptionskip=\skip41
\belowcaptionskip=\skip42
\bibindent=\dimen102
) (/usr/local/texlive/2018/texmf-dist/tex/latex/base/inputenc.sty
Package: inputenc 2018/04/06 v1.3b Input encoding file
\inpenc@prehook=\toks14
\inpenc@posthook=\toks15
) (/usr/local/texlive/2018/texmf-dist/tex/latex/geometry/geometry.sty
Package: geometry 2018/03/24 v5.7 Page Geometry
 (/usr/local/texlive/2018/texmf-dist/tex/latex/graphics/keyval.sty
Package: keyval 2014/10/28 v1.15 key=value parser (DPC)
\KV@toks@=\toks16
) (/usr/local/texlive/2018/texmf-dist/tex/generic/oberdiek/ifpdf.sty
Package: ifpdf 2017/03/15 v3.2 Provides the ifpdf switch
) (/usr/local/texlive/2018/texmf-dist/tex/generic/oberdiek/ifvtex.sty
Package: ifvtex 2016/05/16 v1.6 Detect VTeX and its facilities (HO)
Package ifvtex Info: VTeX not detected.
) (/usr/local/texlive/2018/texmf-dist/tex/generic/ifxetex/ifxetex.sty
Package: ifxetex 2010/09/12 v0.6 Provides ifxetex conditional
)
\Gm@cnth=\count88
\Gm@cntv=\count89
\c@Gm@tempcnt=\count90
\Gm@bindingoffset=\dimen103
\Gm@wd@mp=\dimen104
\Gm@odd@mp=\dimen105
\Gm@even@mp=\dimen106
\Gm@layoutwidth=\dimen107
\Gm@layoutheight=\dimen108
\Gm@layouthoffset=\dimen109
\Gm@layoutvoffset=\dimen110
\Gm@dimlist=\toks17
) (/usr/local/texlive/2018/texmf-dist/tex/latex/commath/commath.sty (/usr/local/texlive/2018/texmf-dist/tex/latex/base/ifthen.sty
Package: ifthen 2014/09/29 v1.1c Standard LaTeX ifthen package (DPC)
) (/usr/local/texlive/2018/texmf-dist/tex/latex/amsmath/amsmath.sty
Package: amsmath 2017/09/02 v2.17a AMS math features
\@mathmargin=\skip43

For additional information on amsmath, use the `?' option.
(/usr/local/texlive/2018/texmf-dist/tex/latex/amsmath/amstext.sty
Package: amstext 2000/06/29 v2.01 AMS text
 (/usr/local/texlive/2018/texmf-dist/tex/latex/amsmath/amsgen.sty
File: amsgen.sty 1999/11/30 v2.0 generic functions
\@emptytoks=\toks18
\ex@=\dimen111
)) (/usr/local/texlive/2018/texmf-dist/tex/latex/amsmath/amsbsy.sty
Package: amsbsy 1999/11/29 v1.2d Bold Symbols
\pmbraise@=\dimen112
) (/usr/local/texlive/2018/texmf-dist/tex/latex/amsmath/amsopn.sty
Package: amsopn 2016/03/08 v2.02 operator names
)
\inf@bad=\count91
LaTeX Info: Redefining \frac on input line 213.
\uproot@=\count92
\leftroot@=\count93
LaTeX Info: Redefining \overline on input line 375.
\classnum@=\count94
\DOTSCASE@=\count95
LaTeX Info: Redefining \ldots on input line 472.
LaTeX Info: Redefining \dots on input line 475.
LaTeX Info: Redefining \cdots on input line 596.
\Mathstrutbox@=\box26
\strutbox@=\box27
\big@size=\dimen113
LaTeX Font Info:    Redeclaring font encoding OML on input line 712.
LaTeX Font Info:    Redeclaring font encoding OMS on input line 713.
\macc@depth=\count96
\c@MaxMatrixCols=\count97
\dotsspace@=\muskip10
\c@parentequation=\count98
\dspbrk@lvl=\count99
\tag@help=\toks19
\row@=\count100
\column@=\count101
\maxfields@=\count102
\andhelp@=\toks20
\eqnshift@=\dimen114
\alignsep@=\dimen115
\tagshift@=\dimen116
\tagwidth@=\dimen117
\totwidth@=\dimen118
\lineht@=\dimen119
\@envbody=\toks21
\multlinegap=\skip44
\multlinetaggap=\skip45
\mathdisplay@stack=\toks22
LaTeX Info: Redefining \[ on input line 2817.
LaTeX Info: Redefining \] on input line 2818.
)) (/usr/local/texlive/2018/texmf-dist/tex/latex/amsfonts/amssymb.sty
Package: amssymb 2013/01/14 v3.01 AMS font symbols
 (/usr/local/texlive/2018/texmf-dist/tex/latex/amsfonts/amsfonts.sty
Package: amsfonts 2013/01/14 v3.01 Basic AMSFonts support
\symAMSa=\mathgroup4
\symAMSb=\mathgroup5
LaTeX Font Info:    Overwriting math alphabet `\mathfrak' in version `bold'
(Font)                  U/euf/m/n --> U/euf/b/n on input line 106.
)) (/usr/local/texlive/2018/texmf-dist/tex/latex/amscls/amsthm.sty
Package: amsthm 2017/10/31 v2.20.4
\thm@style=\toks23
\thm@bodyfont=\toks24
\thm@headfont=\toks25
\thm@notefont=\toks26
\thm@headpunct=\toks27
\thm@preskip=\skip46
\thm@postskip=\skip47
\thm@headsep=\skip48
\dth@everypar=\toks28
) (/usr/local/texlive/2018/texmf-dist/tex/latex/mathtools/mathtools.sty
Package: mathtools 2018/01/08 v1.21 mathematical typesetting tools
 (/usr/local/texlive/2018/texmf-dist/tex/latex/tools/calc.sty
Package: calc 2017/05/25 v4.3 Infix arithmetic (KKT,FJ)
\calc@Acount=\count103
\calc@Bcount=\count104
\calc@Adimen=\dimen120
\calc@Bdimen=\dimen121
\calc@Askip=\skip49
\calc@Bskip=\skip50
LaTeX Info: Redefining \setlength on input line 80.
LaTeX Info: Redefining \addtolength on input line 81.
\calc@Ccount=\count105
\calc@Cskip=\skip51
) (/usr/local/texlive/2018/texmf-dist/tex/latex/mathtools/mhsetup.sty
Package: mhsetup 2017/03/31 v1.3 programming setup (MH)
)
LaTeX Info: Thecontrolsequence`\('isalreadyrobust on input line 129.
LaTeX Info: Thecontrolsequence`\)'isalreadyrobust on input line 129.
LaTeX Info: Thecontrolsequence`\['isalreadyrobust on input line 129.
LaTeX Info: Thecontrolsequence`\]'isalreadyrobust on input line 129.
\g_MT_multlinerow_int=\count106
\l_MT_multwidth_dim=\dimen122
\origjot=\skip52
\l_MT_shortvdotswithinadjustabove_dim=\dimen123
\l_MT_shortvdotswithinadjustbelow_dim=\dimen124
\l_MT_above_intertext_sep=\dimen125
\l_MT_below_intertext_sep=\dimen126
\l_MT_above_shortintertext_sep=\dimen127
\l_MT_below_shortintertext_sep=\dimen128
) (/usr/local/texlive/2018/texmf-dist/tex/latex/jknapltx/mathrsfs.sty
Package: mathrsfs 1996/01/01 Math RSFS package v1.0 (jk)
\symrsfs=\mathgroup6
) (/usr/local/texlive/2018/texmf-dist/tex/latex/standalone/standalone.sty
Package: standalone 2018/03/26 v1.3a Package to include TeX sub-files with preambles
 (/usr/local/texlive/2018/texmf-dist/tex/latex/tools/shellesc.sty
Package: shellesc 2016/06/07 v0.02a unified shell escape interface for LaTeX
Package shellesc Info: Restricted shell escape enabled on input line 69.
) (/usr/local/texlive/2018/texmf-dist/tex/generic/oberdiek/ifluatex.sty
Package: ifluatex 2016/05/16 v1.4 Provides the ifluatex switch (HO)
Package ifluatex Info: LuaTeX not detected.
) (/usr/local/texlive/2018/texmf-dist/tex/latex/xkeyval/xkeyval.sty
Package: xkeyval 2014/12/03 v2.7a package option processing (HA)
 (/usr/local/texlive/2018/texmf-dist/tex/generic/xkeyval/xkeyval.tex (/usr/local/texlive/2018/texmf-dist/tex/generic/xkeyval/xkvutils.tex
\XKV@toks=\toks29
\XKV@tempa@toks=\toks30
)
\XKV@depth=\count107
File: xkeyval.tex 2014/12/03 v2.7a key=value parser (HA)
)) (/usr/local/texlive/2018/texmf-dist/tex/latex/currfile/currfile.sty
Package: currfile 2015/04/23 v0.7c Provides the file path elements of the current input file
 (/usr/local/texlive/2018/texmf-dist/tex/latex/oberdiek/kvoptions.sty
Package: kvoptions 2016/05/16 v3.12 Key value format for package options (HO)
 (/usr/local/texlive/2018/texmf-dist/tex/generic/oberdiek/ltxcmds.sty
Package: ltxcmds 2016/05/16 v1.23 LaTeX kernel commands for general use (HO)
) (/usr/local/texlive/2018/texmf-dist/tex/generic/oberdiek/kvsetkeys.sty
Package: kvsetkeys 2016/05/16 v1.17 Key value parser (HO)
 (/usr/local/texlive/2018/texmf-dist/tex/generic/oberdiek/infwarerr.sty
Package: infwarerr 2016/05/16 v1.4 Providing info/warning/error messages (HO)
) (/usr/local/texlive/2018/texmf-dist/tex/generic/oberdiek/etexcmds.sty
Package: etexcmds 2016/05/16 v1.6 Avoid name clashes with e-TeX commands (HO)
Package etexcmds Info: Could not find \expanded.
(etexcmds)             That can mean that you are not using pdfTeX 1.50 or
(etexcmds)             that some package has redefined \expanded.
(etexcmds)             In the latter case, load this package earlier.
))) (/usr/local/texlive/2018/texmf-dist/tex/latex/filehook/filehook.sty
Package: filehook 2011/10/12 v0.5d Hooks for input files
)
\c@currfiledepth=\count108
) (/usr/local/texlive/2018/texmf-dist/tex/latex/gincltex/gincltex.sty (/usr/local/texlive/2018/texmf-dist/tex/latex/svn-prov/svn-prov.sty
Package: svn-prov 2010/04/24 v3.1862 Package Date/Version from SVN Keywords
)
Package: gincltex 2011/09/04 v0.3 Include external LaTeX files like graphics
 (/usr/local/texlive/2018/texmf-dist/tex/latex/adjustbox/adjustbox.sty
Package: adjustbox 2018/04/08 v1.1 Adjusting TeX boxes (trim, clip, ...)
 (/usr/local/texlive/2018/texmf-dist/tex/latex/adjustbox/adjcalc.sty
Package: adjcalc 2012/05/16 v1.1 Provides advanced setlength with multiple back-ends (calc, etex, pgfmath)
) (/usr/local/texlive/2018/texmf-dist/tex/latex/adjustbox/trimclip.sty
Package: trimclip 2018/04/08 v1.1 Trim and clip general TeX material
 (/usr/local/texlive/2018/texmf-dist/tex/latex/graphics/graphicx.sty
Package: graphicx 2017/06/01 v1.1a Enhanced LaTeX Graphics (DPC,SPQR)
 (/usr/local/texlive/2018/texmf-dist/tex/latex/graphics/graphics.sty
Package: graphics 2017/06/25 v1.2c Standard LaTeX Graphics (DPC,SPQR)
 (/usr/local/texlive/2018/texmf-dist/tex/latex/graphics/trig.sty
Package: trig 2016/01/03 v1.10 sin cos tan (DPC)
) (/usr/local/texlive/2018/texmf-dist/tex/latex/graphics-cfg/graphics.cfg
File: graphics.cfg 2016/06/04 v1.11 sample graphics configuration
)
Package graphics Info: Driver file: pdftex.def on input line 99.
 (/usr/local/texlive/2018/texmf-dist/tex/latex/graphics-def/pdftex.def
File: pdftex.def 2018/01/08 v1.0l Graphics/color driver for pdftex
))
\Gin@req@height=\dimen129
\Gin@req@width=\dimen130
) (/usr/local/texlive/2018/texmf-dist/tex/latex/collectbox/collectbox.sty
Package: collectbox 2012/05/17 v0.4b Collect macro arguments as boxes
\collectedbox=\box28
)
\tc@llx=\dimen131
\tc@lly=\dimen132
\tc@urx=\dimen133
\tc@ury=\dimen134
Package trimclip Info: Using driver 'tc-pdftex.def'.
 (/usr/local/texlive/2018/texmf-dist/tex/latex/adjustbox/tc-pdftex.def
File: tc-pdftex.def 2018/04/08 v2.1 Clipping driver for pdftex
))
\adjbox@Width=\dimen135
\adjbox@Height=\dimen136
\adjbox@Depth=\dimen137
\adjbox@Totalheight=\dimen138
\adjbox@pwidth=\dimen139
\adjbox@pheight=\dimen140
\adjbox@pdepth=\dimen141
\adjbox@ptotalheight=\dimen142
 (/usr/local/texlive/2018/texmf-dist/tex/latex/ifoddpage/ifoddpage.sty
Package: ifoddpage 2016/04/23 v1.1 Conditionals for odd/even page detection
\c@checkoddpage=\count109
) (/usr/local/texlive/2018/texmf-dist/tex/latex/varwidth/varwidth.sty
Package: varwidth 2009/03/30 ver 0.92;  Variable-width minipages
\@vwid@box=\box29
\sift@deathcycles=\count110
\@vwid@loff=\dimen143
\@vwid@roff=\dimen144
))
\gincltex@box=\box30
) (/usr/local/texlive/2018/texmf-dist/tex/latex/filemod/filemod-expmin.sty
Package: filemod-expmin 2011/09/19 v1.2 Get and compare file modification times (expandable; minimal)
)) (/usr/local/texlive/2018/texmf-dist/tex/generic/babel/babel.sty
Package: babel 2018/02/14 3.18 The Babel package
 (/usr/local/texlive/2018/texmf-dist/tex/generic/babel/switch.def
File: switch.def 2018/02/14 3.18 Babel switching mechanism
) (/usr/local/texlive/2018/texmf-dist/tex/generic/babel-spanish/spanish.ldf
Language: spanish.ldf 2016/03/03 v5.0p Spanish support from the babel system
 (/usr/local/texlive/2018/texmf-dist/tex/generic/babel/babel.def
File: babel.def 2018/02/14 3.18 Babel common definitions
\babel@savecnt=\count111
\U@D=\dimen145
 (/usr/local/texlive/2018/texmf-dist/tex/generic/babel/txtbabel.def)
\bbl@dirlevel=\count112
)
\es@quottoks=\toks31
\es@quotdepth=\count113
Package babel Info: Making " an active character on input line 561.
Package babel Info: Making . an active character on input line 662.
Package babel Info: Making < an active character on input line 707.
Package babel Info: Making > an active character on input line 707.
)) (/usr/local/texlive/2018/texmf-dist/tex/latex/enumitem/enumitem.sty
Package: enumitem 2011/09/28 v3.5.2 Customized lists
\labelindent=\skip53
\enit@outerparindent=\dimen146
\enit@toks=\toks32
\enit@inbox=\box31
\enitdp@description=\count114
) (/usr/local/texlive/2018/texmf-dist/tex/latex/mdframed/mdframed.sty
Package: mdframed 2013/07/01 1.9b: mdframed
 (/usr/local/texlive/2018/texmf-dist/tex/latex/l3packages/xparse/xparse.sty (/usr/local/texlive/2018/texmf-dist/tex/latex/l3kernel/expl3.sty
Package: expl3 2018/03/05 L3 programming layer (loader) 
 (/usr/local/texlive/2018/texmf-dist/tex/latex/l3kernel/expl3-code.tex
Package: expl3 2018/03/05 L3 programming layer (code)
\c_max_int=\count115
\l_tmpa_int=\count116
\l_tmpb_int=\count117
\g_tmpa_int=\count118
\g_tmpb_int=\count119
\g__intarray_font_int=\count120
\g__prg_map_int=\count121
\c_log_iow=\count122
\l_iow_line_count_int=\count123
\l__iow_line_target_int=\count124
\l__iow_one_indent_int=\count125
\l__iow_indent_int=\count126
\c_zero_dim=\dimen147
\c_max_dim=\dimen148
\l_tmpa_dim=\dimen149
\l_tmpb_dim=\dimen150
\g_tmpa_dim=\dimen151
\g_tmpb_dim=\dimen152
\c_zero_skip=\skip54
\c_max_skip=\skip55
\l_tmpa_skip=\skip56
\l_tmpb_skip=\skip57
\g_tmpa_skip=\skip58
\g_tmpb_skip=\skip59
\c_zero_muskip=\muskip11
\c_max_muskip=\muskip12
\l_tmpa_muskip=\muskip13
\l_tmpb_muskip=\muskip14
\g_tmpa_muskip=\muskip15
\g_tmpb_muskip=\muskip16
\l_keys_choice_int=\count127
\c__fp_leading_shift_int=\count128
\c__fp_middle_shift_int=\count129
\c__fp_trailing_shift_int=\count130
\c__fp_big_leading_shift_int=\count131
\c__fp_big_middle_shift_int=\count132
\c__fp_big_trailing_shift_int=\count133
\c__fp_Bigg_leading_shift_int=\count134
\c__fp_Bigg_middle_shift_int=\count135
\c__fp_Bigg_trailing_shift_int=\count136
\c__fp_rand_size_int=\count137
\c__fp_rand_four_int=\count138
\c__fp_rand_eight_int=\count139
\l__sort_length_int=\count140
\l__sort_min_int=\count141
\l__sort_top_int=\count142
\l__sort_max_int=\count143
\l__sort_true_max_int=\count144
\l__sort_block_int=\count145
\l__sort_begin_int=\count146
\l__sort_end_int=\count147
\l__sort_A_int=\count148
\l__sort_B_int=\count149
\l__sort_C_int=\count150
\l__tl_build_start_index_int=\count151
\l__tl_build_index_int=\count152
\l__tl_analysis_normal_int=\count153
\l__tl_analysis_index_int=\count154
\l__tl_analysis_nesting_int=\count155
\l__tl_analysis_type_int=\count156
\l__regex_internal_a_int=\count157
\l__regex_internal_b_int=\count158
\l__regex_internal_c_int=\count159
\l__regex_balance_int=\count160
\l__regex_group_level_int=\count161
\l__regex_mode_int=\count162
\c__regex_cs_in_class_mode_int=\count163
\c__regex_cs_mode_int=\count164
\l__regex_catcodes_int=\count165
\l__regex_default_catcodes_int=\count166
\c__regex_catcode_D_int=\count167
\c__regex_catcode_S_int=\count168
\c__regex_catcode_L_int=\count169
\c__regex_catcode_O_int=\count170
\c__regex_catcode_A_int=\count171
\c__regex_all_catcodes_int=\count172
\l__regex_show_lines_int=\count173
\l__regex_min_state_int=\count174
\l__regex_max_state_int=\count175
\l__regex_left_state_int=\count176
\l__regex_right_state_int=\count177
\l__regex_capturing_group_int=\count178
\l__regex_min_pos_int=\count179
\l__regex_max_pos_int=\count180
\l__regex_curr_pos_int=\count181
\l__regex_start_pos_int=\count182
\l__regex_success_pos_int=\count183
\l__regex_curr_char_int=\count184
\l__regex_curr_catcode_int=\count185
\l__regex_last_char_int=\count186
\l__regex_case_changed_char_int=\count187
\l__regex_curr_state_int=\count188
\l__regex_step_int=\count189
\l__regex_min_active_int=\count190
\l__regex_max_active_int=\count191
\l__regex_replacement_csnames_int=\count192
\l__regex_match_count_int=\count193
\l__regex_min_submatch_int=\count194
\l__regex_submatch_int=\count195
\l__regex_zeroth_submatch_int=\count196
\g__regex_trace_regex_int=\count197
\c_empty_box=\box32
\l_tmpa_box=\box33
\l_tmpb_box=\box34
\g_tmpa_box=\box35
\g_tmpb_box=\box36
\l__box_top_dim=\dimen153
\l__box_bottom_dim=\dimen154
\l__box_left_dim=\dimen155
\l__box_right_dim=\dimen156
\l__box_top_new_dim=\dimen157
\l__box_bottom_new_dim=\dimen158
\l__box_left_new_dim=\dimen159
\l__box_right_new_dim=\dimen160
\l__box_internal_box=\box37
\l__coffin_internal_box=\box38
\l__coffin_internal_dim=\dimen161
\l__coffin_offset_x_dim=\dimen162
\l__coffin_offset_y_dim=\dimen163
\l__coffin_x_dim=\dimen164
\l__coffin_y_dim=\dimen165
\l__coffin_x_prime_dim=\dimen166
\l__coffin_y_prime_dim=\dimen167
\c_empty_coffin=\box39
\l__coffin_aligned_coffin=\box40
\l__coffin_aligned_internal_coffin=\box41
\l_tmpa_coffin=\box42
\l_tmpb_coffin=\box43
\l__coffin_display_coffin=\box44
\l__coffin_display_coord_coffin=\box45
\l__coffin_display_pole_coffin=\box46
\l__coffin_display_offset_dim=\dimen168
\l__coffin_display_x_dim=\dimen169
\l__coffin_display_y_dim=\dimen170
\l__coffin_bounding_shift_dim=\dimen171
\l__coffin_left_corner_dim=\dimen172
\l__coffin_right_corner_dim=\dimen173
\l__coffin_bottom_corner_dim=\dimen174
\l__coffin_top_corner_dim=\dimen175
\l__coffin_scaled_total_height_dim=\dimen176
\l__coffin_scaled_width_dim=\dimen177
) (/usr/local/texlive/2018/texmf-dist/tex/latex/l3kernel/l3pdfmode.def
File: l3pdfmode.def 2017/03/18 v L3 Experimental driver: PDF mode
\l__driver_color_stack_int=\count198
))
Package: xparse 2018/02/21 L3 Experimental document command parser
\l__xparse_current_arg_int=\count199
\g__xparse_grabber_int=\count266
\l__xparse_m_args_int=\count267
\l__xparse_mandatory_args_int=\count268
\l__xparse_v_nesting_int=\count269
) (/usr/local/texlive/2018/texmf-dist/tex/latex/etoolbox/etoolbox.sty
Package: etoolbox 2018/02/11 v2.5e e-TeX tools for LaTeX (JAW)
\etb@tempcnta=\count270
) (/usr/local/texlive/2018/texmf-dist/tex/latex/oberdiek/zref-abspage.sty
Package: zref-abspage 2016/05/21 v2.26 Module abspage for zref (HO)
 (/usr/local/texlive/2018/texmf-dist/tex/latex/oberdiek/zref-base.sty
Package: zref-base 2016/05/21 v2.26 Module base for zref (HO)
 (/usr/local/texlive/2018/texmf-dist/tex/generic/oberdiek/kvdefinekeys.sty
Package: kvdefinekeys 2016/05/16 v1.4 Define keys (HO)
) (/usr/local/texlive/2018/texmf-dist/tex/generic/oberdiek/pdftexcmds.sty
Package: pdftexcmds 2018/01/30 v0.27 Utility functions of pdfTeX for LuaTeX (HO)
Package pdftexcmds Info: LuaTeX not detected.
Package pdftexcmds Info: \pdf@primitive is available.
Package pdftexcmds Info: \pdf@ifprimitive is available.
Package pdftexcmds Info: \pdfdraftmode found.
) (/usr/local/texlive/2018/texmf-dist/tex/latex/oberdiek/auxhook.sty
Package: auxhook 2016/05/16 v1.4 Hooks for auxiliary files (HO)
)
Package zref Info: New property list: main on input line 759.
Package zref Info: New property: default on input line 760.
Package zref Info: New property: page on input line 761.
) (/usr/local/texlive/2018/texmf-dist/tex/generic/oberdiek/atbegshi.sty
Package: atbegshi 2016/06/09 v1.18 At begin shipout hook (HO)
)
\c@abspage=\count271
Package zref Info: New property: abspage on input line 62.
) (/usr/local/texlive/2018/texmf-dist/tex/latex/needspace/needspace.sty
Package: needspace 2010/09/12 v1.3d reserve vertical space
) (/usr/local/texlive/2018/texmf-dist/tex/latex/graphics/color.sty
Package: color 2016/07/10 v1.1e Standard LaTeX Color (DPC)
 (/usr/local/texlive/2018/texmf-dist/tex/latex/graphics-cfg/color.cfg
File: color.cfg 2016/01/02 v1.6 sample color configuration
)
Package color Info: Driver file: pdftex.def on input line 147.
)
\mdf@templength=\skip60
\c@mdf@globalstyle@cnt=\count272
\mdf@skipabove@length=\skip61
\mdf@skipbelow@length=\skip62
\mdf@leftmargin@length=\skip63
\mdf@rightmargin@length=\skip64
\mdf@innerleftmargin@length=\skip65
\mdf@innerrightmargin@length=\skip66
\mdf@innertopmargin@length=\skip67
\mdf@innerbottommargin@length=\skip68
\mdf@splittopskip@length=\skip69
\mdf@splitbottomskip@length=\skip70
\mdf@outermargin@length=\skip71
\mdf@innermargin@length=\skip72
\mdf@linewidth@length=\skip73
\mdf@innerlinewidth@length=\skip74
\mdf@middlelinewidth@length=\skip75
\mdf@outerlinewidth@length=\skip76
\mdf@roundcorner@length=\skip77
\mdf@footenotedistance@length=\skip78
\mdf@userdefinedwidth@length=\skip79
\mdf@needspace@length=\skip80
\mdf@frametitleaboveskip@length=\skip81
\mdf@frametitlebelowskip@length=\skip82
\mdf@frametitlerulewidth@length=\skip83
\mdf@frametitleleftmargin@length=\skip84
\mdf@frametitlerightmargin@length=\skip85
\mdf@shadowsize@length=\skip86
\mdf@extratopheight@length=\skip87
\mdf@subtitleabovelinewidth@length=\skip88
\mdf@subtitlebelowlinewidth@length=\skip89
\mdf@subtitleaboveskip@length=\skip90
\mdf@subtitlebelowskip@length=\skip91
\mdf@subtitleinneraboveskip@length=\skip92
\mdf@subtitleinnerbelowskip@length=\skip93
\mdf@subsubtitleabovelinewidth@length=\skip94
\mdf@subsubtitlebelowlinewidth@length=\skip95
\mdf@subsubtitleaboveskip@length=\skip96
\mdf@subsubtitlebelowskip@length=\skip97
\mdf@subsubtitleinneraboveskip@length=\skip98
\mdf@subsubtitleinnerbelowskip@length=\skip99
 (/usr/local/texlive/2018/texmf-dist/tex/latex/xcolor/xcolor.sty
Package: xcolor 2016/05/11 v2.12 LaTeX color extensions (UK)
 (/usr/local/texlive/2018/texmf-dist/tex/latex/graphics-cfg/color.cfg
File: color.cfg 2016/01/02 v1.6 sample color configuration
)
Package xcolor Info: Driver file: pdftex.def on input line 225.
LaTeX Info: Redefining \color on input line 709.
Package xcolor Info: Model `cmy' substituted by `cmy0' on input line 1348.
Package xcolor Info: Model `hsb' substituted by `rgb' on input line 1352.
Package xcolor Info: Model `RGB' extended on input line 1364.
Package xcolor Info: Model `HTML' substituted by `rgb' on input line 1366.
Package xcolor Info: Model `Hsb' substituted by `hsb' on input line 1367.
Package xcolor Info: Model `tHsb' substituted by `hsb' on input line 1368.
Package xcolor Info: Model `HSB' substituted by `hsb' on input line 1369.
Package xcolor Info: Model `Gray' substituted by `gray' on input line 1370.
Package xcolor Info: Model `wave' substituted by `hsb' on input line 1371.
) (/usr/local/texlive/2018/texmf-dist/tex/latex/pgf/frontendlayer/tikz.sty (/usr/local/texlive/2018/texmf-dist/tex/latex/pgf/basiclayer/pgf.sty (/usr/local/texlive/2018/texmf-dist/tex/latex/pgf/utilities/pgfrcs.sty (/usr/local/texlive/2018/texmf-dist/tex/generic/pgf/utilities/pgfutil-common.tex
\pgfutil@everybye=\toks33
\pgfutil@tempdima=\dimen178
\pgfutil@tempdimb=\dimen179
 (/usr/local/texlive/2018/texmf-dist/tex/generic/pgf/utilities/pgfutil-common-lists.tex)) (/usr/local/texlive/2018/texmf-dist/tex/generic/pgf/utilities/pgfutil-latex.def
\pgfutil@abb=\box47
 (/usr/local/texlive/2018/texmf-dist/tex/latex/ms/everyshi.sty
Package: everyshi 2001/05/15 v3.00 EveryShipout Package (MS)
)) (/usr/local/texlive/2018/texmf-dist/tex/generic/pgf/utilities/pgfrcs.code.tex
Package: pgfrcs 2015/08/07 v3.0.1a (rcs-revision 1.31)
))
Package: pgf 2015/08/07 v3.0.1a (rcs-revision 1.15)
 (/usr/local/texlive/2018/texmf-dist/tex/latex/pgf/basiclayer/pgfcore.sty (/usr/local/texlive/2018/texmf-dist/tex/latex/pgf/systemlayer/pgfsys.sty (/usr/local/texlive/2018/texmf-dist/tex/generic/pgf/systemlayer/pgfsys.code.tex
Package: pgfsys 2014/07/09 v3.0.1a (rcs-revision 1.48)
 (/usr/local/texlive/2018/texmf-dist/tex/generic/pgf/utilities/pgfkeys.code.tex
\pgfkeys@pathtoks=\toks34
\pgfkeys@temptoks=\toks35
 (/usr/local/texlive/2018/texmf-dist/tex/generic/pgf/utilities/pgfkeysfiltered.code.tex
\pgfkeys@tmptoks=\toks36
))
\pgf@x=\dimen180
\pgf@y=\dimen181
\pgf@xa=\dimen182
\pgf@ya=\dimen183
\pgf@xb=\dimen184
\pgf@yb=\dimen185
\pgf@xc=\dimen186
\pgf@yc=\dimen187
\w@pgf@writea=\write3
\r@pgf@reada=\read1
\c@pgf@counta=\count273
\c@pgf@countb=\count274
\c@pgf@countc=\count275
\c@pgf@countd=\count276
\t@pgf@toka=\toks37
\t@pgf@tokb=\toks38
\t@pgf@tokc=\toks39
 (/usr/local/texlive/2018/texmf-dist/tex/generic/pgf/systemlayer/pgf.cfg
File: pgf.cfg 2008/05/14  (rcs-revision 1.7)
)
Driver file for pgf: pgfsys-pdftex.def
 (/usr/local/texlive/2018/texmf-dist/tex/generic/pgf/systemlayer/pgfsys-pdftex.def
File: pgfsys-pdftex.def 2014/10/11  (rcs-revision 1.35)
 (/usr/local/texlive/2018/texmf-dist/tex/generic/pgf/systemlayer/pgfsys-common-pdf.def
File: pgfsys-common-pdf.def 2013/10/10  (rcs-revision 1.13)
))) (/usr/local/texlive/2018/texmf-dist/tex/generic/pgf/systemlayer/pgfsyssoftpath.code.tex
File: pgfsyssoftpath.code.tex 2013/09/09  (rcs-revision 1.9)
\pgfsyssoftpath@smallbuffer@items=\count277
\pgfsyssoftpath@bigbuffer@items=\count278
) (/usr/local/texlive/2018/texmf-dist/tex/generic/pgf/systemlayer/pgfsysprotocol.code.tex
File: pgfsysprotocol.code.tex 2006/10/16  (rcs-revision 1.4)
)) (/usr/local/texlive/2018/texmf-dist/tex/generic/pgf/basiclayer/pgfcore.code.tex
Package: pgfcore 2010/04/11 v3.0.1a (rcs-revision 1.7)
 (/usr/local/texlive/2018/texmf-dist/tex/generic/pgf/math/pgfmath.code.tex (/usr/local/texlive/2018/texmf-dist/tex/generic/pgf/math/pgfmathcalc.code.tex (/usr/local/texlive/2018/texmf-dist/tex/generic/pgf/math/pgfmathutil.code.tex) (/usr/local/texlive/2018/texmf-dist/tex/generic/pgf/math/pgfmathparser.code.tex
\pgfmath@dimen=\dimen188
\pgfmath@count=\count279
\pgfmath@box=\box48
\pgfmath@toks=\toks40
\pgfmath@stack@operand=\toks41
\pgfmath@stack@operation=\toks42
) (/usr/local/texlive/2018/texmf-dist/tex/generic/pgf/math/pgfmathfunctions.code.tex (/usr/local/texlive/2018/texmf-dist/tex/generic/pgf/math/pgfmathfunctions.basic.code.tex) (/usr/local/texlive/2018/texmf-dist/tex/generic/pgf/math/pgfmathfunctions.trigonometric.code.tex) (/usr/local/texlive/2018/texmf-dist/tex/generic/pgf/math/pgfmathfunctions.random.code.tex) (/usr/local/texlive/2018/texmf-dist/tex/generic/pgf/math/pgfmathfunctions.comparison.code.tex) (/usr/local/texlive/2018/texmf-dist/tex/generic/pgf/math/pgfmathfunctions.base.code.tex) (/usr/local/texlive/2018/texmf-dist/tex/generic/pgf/math/pgfmathfunctions.round.code.tex) (/usr/local/texlive/2018/texmf-dist/tex/generic/pgf/math/pgfmathfunctions.misc.code.tex) (/usr/local/texlive/2018/texmf-dist/tex/generic/pgf/math/pgfmathfunctions.integerarithmetics.code.tex))) (/usr/local/texlive/2018/texmf-dist/tex/generic/pgf/math/pgfmathfloat.code.tex
\c@pgfmathroundto@lastzeros=\count280
)) (/usr/local/texlive/2018/texmf-dist/tex/generic/pgf/basiclayer/pgfcorepoints.code.tex
File: pgfcorepoints.code.tex 2013/10/07  (rcs-revision 1.27)
\pgf@picminx=\dimen189
\pgf@picmaxx=\dimen190
\pgf@picminy=\dimen191
\pgf@picmaxy=\dimen192
\pgf@pathminx=\dimen193
\pgf@pathmaxx=\dimen194
\pgf@pathminy=\dimen195
\pgf@pathmaxy=\dimen196
\pgf@xx=\dimen197
\pgf@xy=\dimen198
\pgf@yx=\dimen199
\pgf@yy=\dimen256
\pgf@zx=\dimen257
\pgf@zy=\dimen258
) (/usr/local/texlive/2018/texmf-dist/tex/generic/pgf/basiclayer/pgfcorepathconstruct.code.tex
File: pgfcorepathconstruct.code.tex 2013/10/07  (rcs-revision 1.29)
\pgf@path@lastx=\dimen259
\pgf@path@lasty=\dimen260
) (/usr/local/texlive/2018/texmf-dist/tex/generic/pgf/basiclayer/pgfcorepathusage.code.tex
File: pgfcorepathusage.code.tex 2014/11/02  (rcs-revision 1.24)
\pgf@shorten@end@additional=\dimen261
\pgf@shorten@start@additional=\dimen262
) (/usr/local/texlive/2018/texmf-dist/tex/generic/pgf/basiclayer/pgfcorescopes.code.tex
File: pgfcorescopes.code.tex 2015/05/08  (rcs-revision 1.46)
\pgfpic=\box49
\pgf@hbox=\box50
\pgf@layerbox@main=\box51
\pgf@picture@serial@count=\count281
) (/usr/local/texlive/2018/texmf-dist/tex/generic/pgf/basiclayer/pgfcoregraphicstate.code.tex
File: pgfcoregraphicstate.code.tex 2014/11/02  (rcs-revision 1.12)
\pgflinewidth=\dimen263
) (/usr/local/texlive/2018/texmf-dist/tex/generic/pgf/basiclayer/pgfcoretransformations.code.tex
File: pgfcoretransformations.code.tex 2015/08/07  (rcs-revision 1.20)
\pgf@pt@x=\dimen264
\pgf@pt@y=\dimen265
\pgf@pt@temp=\dimen266
) (/usr/local/texlive/2018/texmf-dist/tex/generic/pgf/basiclayer/pgfcorequick.code.tex
File: pgfcorequick.code.tex 2008/10/09  (rcs-revision 1.3)
) (/usr/local/texlive/2018/texmf-dist/tex/generic/pgf/basiclayer/pgfcoreobjects.code.tex
File: pgfcoreobjects.code.tex 2006/10/11  (rcs-revision 1.2)
) (/usr/local/texlive/2018/texmf-dist/tex/generic/pgf/basiclayer/pgfcorepathprocessing.code.tex
File: pgfcorepathprocessing.code.tex 2013/09/09  (rcs-revision 1.9)
) (/usr/local/texlive/2018/texmf-dist/tex/generic/pgf/basiclayer/pgfcorearrows.code.tex
File: pgfcorearrows.code.tex 2015/05/14  (rcs-revision 1.43)
\pgfarrowsep=\dimen267
) (/usr/local/texlive/2018/texmf-dist/tex/generic/pgf/basiclayer/pgfcoreshade.code.tex
File: pgfcoreshade.code.tex 2013/07/15  (rcs-revision 1.15)
\pgf@max=\dimen268
\pgf@sys@shading@range@num=\count282
) (/usr/local/texlive/2018/texmf-dist/tex/generic/pgf/basiclayer/pgfcoreimage.code.tex
File: pgfcoreimage.code.tex 2013/07/15  (rcs-revision 1.18)
 (/usr/local/texlive/2018/texmf-dist/tex/generic/pgf/basiclayer/pgfcoreexternal.code.tex
File: pgfcoreexternal.code.tex 2014/07/09  (rcs-revision 1.21)
\pgfexternal@startupbox=\box52
)) (/usr/local/texlive/2018/texmf-dist/tex/generic/pgf/basiclayer/pgfcorelayers.code.tex
File: pgfcorelayers.code.tex 2013/07/18  (rcs-revision 1.7)
) (/usr/local/texlive/2018/texmf-dist/tex/generic/pgf/basiclayer/pgfcoretransparency.code.tex
File: pgfcoretransparency.code.tex 2013/09/30  (rcs-revision 1.5)
) (/usr/local/texlive/2018/texmf-dist/tex/generic/pgf/basiclayer/pgfcorepatterns.code.tex
File: pgfcorepatterns.code.tex 2013/11/07  (rcs-revision 1.5)
))) (/usr/local/texlive/2018/texmf-dist/tex/generic/pgf/modules/pgfmoduleshapes.code.tex
File: pgfmoduleshapes.code.tex 2014/03/21  (rcs-revision 1.35)
\pgfnodeparttextbox=\box53
) (/usr/local/texlive/2018/texmf-dist/tex/generic/pgf/modules/pgfmoduleplot.code.tex
File: pgfmoduleplot.code.tex 2015/08/03  (rcs-revision 1.13)
) (/usr/local/texlive/2018/texmf-dist/tex/latex/pgf/compatibility/pgfcomp-version-0-65.sty
Package: pgfcomp-version-0-65 2007/07/03 v3.0.1a (rcs-revision 1.7)
\pgf@nodesepstart=\dimen269
\pgf@nodesepend=\dimen270
) (/usr/local/texlive/2018/texmf-dist/tex/latex/pgf/compatibility/pgfcomp-version-1-18.sty
Package: pgfcomp-version-1-18 2007/07/23 v3.0.1a (rcs-revision 1.1)
)) (/usr/local/texlive/2018/texmf-dist/tex/latex/pgf/utilities/pgffor.sty (/usr/local/texlive/2018/texmf-dist/tex/latex/pgf/utilities/pgfkeys.sty (/usr/local/texlive/2018/texmf-dist/tex/generic/pgf/utilities/pgfkeys.code.tex)) (/usr/local/texlive/2018/texmf-dist/tex/latex/pgf/math/pgfmath.sty (/usr/local/texlive/2018/texmf-dist/tex/generic/pgf/math/pgfmath.code.tex)) (/usr/local/texlive/2018/texmf-dist/tex/generic/pgf/utilities/pgffor.code.tex
Package: pgffor 2013/12/13 v3.0.1a (rcs-revision 1.25)
 (/usr/local/texlive/2018/texmf-dist/tex/generic/pgf/math/pgfmath.code.tex)
\pgffor@iter=\dimen271
\pgffor@skip=\dimen272
\pgffor@stack=\toks43
\pgffor@toks=\toks44
)) (/usr/local/texlive/2018/texmf-dist/tex/generic/pgf/frontendlayer/tikz/tikz.code.tex
Package: tikz 2015/08/07 v3.0.1a (rcs-revision 1.151)
 (/usr/local/texlive/2018/texmf-dist/tex/generic/pgf/libraries/pgflibraryplothandlers.code.tex
File: pgflibraryplothandlers.code.tex 2013/08/31 v3.0.1a (rcs-revision 1.20)
\pgf@plot@mark@count=\count283
\pgfplotmarksize=\dimen273
)
\tikz@lastx=\dimen274
\tikz@lasty=\dimen275
\tikz@lastxsaved=\dimen276
\tikz@lastysaved=\dimen277
\tikzleveldistance=\dimen278
\tikzsiblingdistance=\dimen279
\tikz@figbox=\box54
\tikz@figbox@bg=\box55
\tikz@tempbox=\box56
\tikz@tempbox@bg=\box57
\tikztreelevel=\count284
\tikznumberofchildren=\count285
\tikznumberofcurrentchild=\count286
\tikz@fig@count=\count287
 (/usr/local/texlive/2018/texmf-dist/tex/generic/pgf/modules/pgfmodulematrix.code.tex
File: pgfmodulematrix.code.tex 2013/09/17  (rcs-revision 1.8)
\pgfmatrixcurrentrow=\count288
\pgfmatrixcurrentcolumn=\count289
\pgf@matrix@numberofcolumns=\count290
)
\tikz@expandcount=\count291
 (/usr/local/texlive/2018/texmf-dist/tex/generic/pgf/frontendlayer/tikz/libraries/tikzlibrarytopaths.code.tex
File: tikzlibrarytopaths.code.tex 2008/06/17 v3.0.1a (rcs-revision 1.2)
))) (/usr/local/texlive/2018/texmf-dist/tex/latex/mdframed/md-frame-1.mdf
File: md-frame-1.mdf 2013/07/01\ 1.9b: md-frame-1
)
\mdf@frametitlebox=\box58
\mdf@footnotebox=\box59
\mdf@splitbox@one=\box60
\mdf@splitbox@two=\box61
\mdf@splitbox@save=\box62
\mdfsplitboxwidth=\skip100
\mdfsplitboxtotalwidth=\skip101
\mdfsplitboxheight=\skip102
\mdfsplitboxdepth=\skip103
\mdfsplitboxtotalheight=\skip104
\mdfframetitleboxwidth=\skip105
\mdfframetitleboxtotalwidth=\skip106
\mdfframetitleboxheight=\skip107
\mdfframetitleboxdepth=\skip108
\mdfframetitleboxtotalheight=\skip109
\mdffootnoteboxwidth=\skip110
\mdffootnoteboxtotalwidth=\skip111
\mdffootnoteboxheight=\skip112
\mdffootnoteboxdepth=\skip113
\mdffootnoteboxtotalheight=\skip114
\mdftotallinewidth=\skip115
\mdfboundingboxwidth=\skip116
\mdfboundingboxtotalwidth=\skip117
\mdfboundingboxheight=\skip118
\mdfboundingboxdepth=\skip119
\mdfboundingboxtotalheight=\skip120
\mdf@freevspace@length=\skip121
\mdf@horizontalwidthofbox@length=\skip122
\mdf@verticalmarginwhole@length=\skip123
\mdf@horizontalspaceofbox=\skip124
\mdfsubtitleheight=\skip125
\mdfsubsubtitleheight=\skip126
\c@mdfcountframes=\count292

****** mdframed patching \endmdf@trivlist

****** -- success******

.................................................
. LaTeX info: "xparse/define-command"
. 
. Defining command \newmdtheoremenv with sig. 'O{} m o m o ' on line 601.
.................................................
.................................................
. LaTeX info: "xparse/define-command"
. 
. Defining command \mdtheorem with sig. ' O{} m o m o ' on line 701.
.................................................
\mdf@envdepth=\count293
\c@mdf@env@i=\count294
\c@mdf@env@ii=\count295
\c@mdf@zref@counter=\count296
Package zref Info: New property: mdf@pagevalue on input line 895.
) (/usr/local/texlive/2018/texmf-dist/tex/latex/cancel/cancel.sty
Package: cancel 2013/04/12 v2.2 Cancel math terms
) (/usr/local/texlive/2018/texmf-dist/tex/latex/setspace/setspace.sty
Package: setspace 2011/12/19 v6.7a set line spacing
) (/usr/local/texlive/2018/texmf-dist/tex/latex/mdwtools/footnote.sty
Package: footnote 1997/01/28 1.13 Save footnotes around boxes
\fn@notes=\box63
\fn@width=\dimen280
)
(/usr/local/texlive/2018/texmf-dist/tex/latex/minipage-marginpar/minipage-marginpar.sty
Package: minipage-marginpar 2008/04/07 v0.3 Randnotizen auch in Minipages (PE)
) (/usr/local/texlive/2018/texmf-dist/tex/latex/dashbox/dashbox.sty
Package: dashbox 2001/12/11 v1.14 Dashed and layered boxes
\dashlength=\skip127
\dashdash=\skip128
\layersize=\skip129
\d@shedsavebox=\box64
\d@shedboxwidth=\skip130
\d@shedboxtotalheight=\skip131
\l@yersavebox=\box65
\l@yerwidth=\skip132
\l@yerboxwidth=\skip133
\l@yertotalheight=\skip134
\l@yerlineheight=\skip135
\l@yervoffset=\skip136
\c@l@yercount=\count297
) (/usr/local/texlive/2018/texmf-dist/tex/latex/doublestroke/dsfont.sty
Package: dsfont 1995/08/01 v0.1 Double stroke roman fonts
) (/usr/local/texlive/2018/texmf-dist/tex/latex/hyperref/hyperref.sty
Package: hyperref 2018/02/06 v6.86b Hypertext links for LaTeX
 (/usr/local/texlive/2018/texmf-dist/tex/generic/oberdiek/hobsub-hyperref.sty
Package: hobsub-hyperref 2016/05/16 v1.14 Bundle oberdiek, subset hyperref (HO)
 (/usr/local/texlive/2018/texmf-dist/tex/generic/oberdiek/hobsub-generic.sty
Package: hobsub-generic 2016/05/16 v1.14 Bundle oberdiek, subset generic (HO)
Package: hobsub 2016/05/16 v1.14 Construct package bundles (HO)
Package hobsub Info: Skipping package `infwarerr' (already loaded).
Package hobsub Info: Skipping package `ltxcmds' (already loaded).
Package hobsub Info: Skipping package `ifluatex' (already loaded).
Package hobsub Info: Skipping package `ifvtex' (already loaded).
Package: intcalc 2016/05/16 v1.2 Expandable calculations with integers (HO)
Package hobsub Info: Skipping package `ifpdf' (already loaded).
Package hobsub Info: Skipping package `etexcmds' (already loaded).
Package hobsub Info: Skipping package `kvsetkeys' (already loaded).
Package hobsub Info: Skipping package `kvdefinekeys' (already loaded).
Package hobsub Info: Skipping package `pdftexcmds' (already loaded).
Package: pdfescape 2016/05/16 v1.14 Implements pdfTeX's escape features (HO)
Package: bigintcalc 2016/05/16 v1.4 Expandable calculations on big integers (HO)
Package: bitset 2016/05/16 v1.2 Handle bit-vector datatype (HO)
Package: uniquecounter 2016/05/16 v1.3 Provide unlimited unique counter (HO)
)
Package hobsub Info: Skipping package `hobsub' (already loaded).
Package: letltxmacro 2016/05/16 v1.5 Let assignment for LaTeX macros (HO)
Package: hopatch 2016/05/16 v1.3 Wrapper for package hooks (HO)
Package: xcolor-patch 2016/05/16 xcolor patch
Package: atveryend 2016/05/16 v1.9 Hooks at the very end of document (HO)
Package hobsub Info: Skipping package `atbegshi' (already loaded).
Package: refcount 2016/05/16 v3.5 Data extraction from label references (HO)
Package: hycolor 2016/05/16 v1.8 Color options for hyperref/bookmark (HO)
)
\@linkdim=\dimen281
\Hy@linkcounter=\count298
\Hy@pagecounter=\count299
 (/usr/local/texlive/2018/texmf-dist/tex/latex/hyperref/pd1enc.def
File: pd1enc.def 2018/02/06 v6.86b Hyperref: PDFDocEncoding definition (HO)
Now handling font encoding PD1 ...
... no UTF-8 mapping file for font encoding PD1
)
\Hy@SavedSpaceFactor=\count300
 (/usr/local/texlive/2018/texmf-dist/tex/latex/latexconfig/hyperref.cfg
File: hyperref.cfg 2002/06/06 v1.2 hyperref configuration of TeXLive
)
Package hyperref Info: Hyper figures OFF on input line 4509.
Package hyperref Info: Link nesting OFF on input line 4514.
Package hyperref Info: Hyper index ON on input line 4517.
Package hyperref Info: Plain pages OFF on input line 4524.
Package hyperref Info: Backreferencing OFF on input line 4529.
Package hyperref Info: Implicit mode ON; LaTeX internals redefined.
Package hyperref Info: Bookmarks ON on input line 4762.
\c@Hy@tempcnt=\count301
 (/usr/local/texlive/2018/texmf-dist/tex/latex/url/url.sty
\Urlmuskip=\muskip17
Package: url 2013/09/16  ver 3.4  Verb mode for urls, etc.
)
LaTeX Info: Redefining \url on input line 5115.
\XeTeXLinkMargin=\dimen282
\Fld@menulength=\count302
\Field@Width=\dimen283
\Fld@charsize=\dimen284
Package hyperref Info: Hyper figures OFF on input line 6369.
Package hyperref Info: Link nesting OFF on input line 6374.
Package hyperref Info: Hyper index ON on input line 6377.
Package hyperref Info: backreferencing OFF on input line 6384.
Package hyperref Info: Link coloring OFF on input line 6389.
Package hyperref Info: Link coloring with OCG OFF on input line 6394.
Package hyperref Info: PDF/A mode OFF on input line 6399.
LaTeX Info: Redefining \ref on input line 6439.
LaTeX Info: Redefining \pageref on input line 6443.
\Hy@abspage=\count303
\c@Item=\count304
\c@Hfootnote=\count305
)
Package hyperref Info: Driver (autodetected): hpdftex.
 (/usr/local/texlive/2018/texmf-dist/tex/latex/hyperref/hpdftex.def
File: hpdftex.def 2018/02/06 v6.86b Hyperref driver for pdfTeX
\HyAnn@Count=\count306
\Fld@listcount=\count307
\c@bookmark@seq@number=\count308
 (/usr/local/texlive/2018/texmf-dist/tex/latex/oberdiek/rerunfilecheck.sty
Package: rerunfilecheck 2016/05/16 v1.8 Rerun checks for auxiliary files (HO)
Package uniquecounter Info: New unique counter `rerunfilecheck' on input line 282.
)
\Hy@SectionHShift=\skip137
) (/usr/local/texlive/2018/texmf-dist/tex/latex/tools/bm.sty
Package: bm 2017/01/16 v1.2c Bold Symbol Support (DPC/FMi)
\symboldoperators=\mathgroup7
\symboldletters=\mathgroup8
\symboldsymbols=\mathgroup9
LaTeX Font Info:    Redeclaring math alphabet \mathbf on input line 141.
LaTeX Info: Redefining \bm on input line 207.
)
\c@theorem=\count309
\c@definition=\count310
 (./main.aux
LaTeX Info: Redefining \. on input line 25.
LaTeX Info: Redefining \% on input line 25.
)
\openout1 = `main.aux'.

LaTeX Font Info:    Checking defaults for OML/cmm/m/it on input line 63.
LaTeX Font Info:    ... okay on input line 63.
LaTeX Font Info:    Checking defaults for T1/cmr/m/n on input line 63.
LaTeX Font Info:    ... okay on input line 63.
LaTeX Font Info:    Checking defaults for OT1/cmr/m/n on input line 63.
LaTeX Font Info:    ... okay on input line 63.
LaTeX Font Info:    Checking defaults for OMS/cmsy/m/n on input line 63.
LaTeX Font Info:    ... okay on input line 63.
LaTeX Font Info:    Checking defaults for OMX/cmex/m/n on input line 63.
LaTeX Font Info:    ... okay on input line 63.
LaTeX Font Info:    Checking defaults for U/cmr/m/n on input line 63.
LaTeX Font Info:    ... okay on input line 63.
LaTeX Font Info:    Checking defaults for PD1/pdf/m/n on input line 63.
LaTeX Font Info:    ... okay on input line 63.

*geometry* driver: auto-detecting
*geometry* detected driver: pdftex
*geometry* verbose mode - [ preamble ] result:
* driver: pdftex
* paper: <default>
* layout: <same size as paper>
* layoutoffset:(h,v)=(0.0pt,0.0pt)
* modes: 
* h-part:(L,W,R)=(85.35826pt, 443.57848pt, 85.35826pt)
* v-part:(T,H,B)=(85.35826pt, 624.25346pt, 85.35826pt)
* \paperwidth=614.295pt
* \paperheight=794.96999pt
* \textwidth=443.57848pt
* \textheight=624.25346pt
* \oddsidemargin=13.08827pt
* \evensidemargin=13.08827pt
* \topmargin=-23.91173pt
* \headheight=12.0pt
* \headsep=25.0pt
* \topskip=11.0pt
* \footskip=30.0pt
* \marginparwidth=59.0pt
* \marginparsep=10.0pt
* \columnsep=10.0pt
* \skip\footins=10.0pt plus 4.0pt minus 2.0pt
* \hoffset=0.0pt
* \voffset=0.0pt
* \mag=1000
* \@twocolumnfalse
* \@twosidefalse
* \@mparswitchfalse
* \@reversemarginfalse
* (1in=72.27pt=25.4mm, 1cm=28.453pt)

(/usr/local/texlive/2018/texmf-dist/tex/context/base/mkii/supp-pdf.mkii
[Loading MPS to PDF converter (version 2006.09.02).]
\scratchcounter=\count311
\scratchdimen=\dimen285
\scratchbox=\box66
\nofMPsegments=\count312
\nofMParguments=\count313
\everyMPshowfont=\toks45
\MPscratchCnt=\count314
\MPscratchDim=\dimen286
\MPnumerator=\count315
\makeMPintoPDFobject=\count316
\everyMPtoPDFconversion=\toks46
) (/usr/local/texlive/2018/texmf-dist/tex/latex/oberdiek/epstopdf-base.sty
Package: epstopdf-base 2016/05/15 v2.6 Base part for package epstopdf
 (/usr/local/texlive/2018/texmf-dist/tex/latex/oberdiek/grfext.sty
Package: grfext 2016/05/16 v1.2 Manage graphics extensions (HO)
)
Package epstopdf-base Info: Redefining graphics rule for `.eps' on input line 438.
Package grfext Info: Graphics extension search list:
(grfext)             [.pdf,.png,.jpg,.mps,.jpeg,.jbig2,.jb2,.PDF,.PNG,.JPG,.JPEG,.JBIG2,.JB2,.eps]
(grfext)             \AppendGraphicsExtensions on input line 456.
 (/usr/local/texlive/2018/texmf-dist/tex/latex/latexconfig/epstopdf-sys.cfg
File: epstopdf-sys.cfg 2010/07/13 v1.3 Configuration of (r)epstopdf for TeX Live
))
LaTeX Info: Redefining \. on input line 63.
LaTeX Info: Redefining \% on input line 63.
\AtBeginShipoutBox=\box67
 ABD: EveryShipout initializing macros
Package hyperref Info: Link coloring OFF on input line 63.
 (/usr/local/texlive/2018/texmf-dist/tex/latex/hyperref/nameref.sty
Package: nameref 2016/05/21 v2.44 Cross-referencing by name of section
 (/usr/local/texlive/2018/texmf-dist/tex/generic/oberdiek/gettitlestring.sty
Package: gettitlestring 2016/05/16 v1.5 Cleanup title references (HO)
)
\c@section@level=\count317
)
LaTeX Info: Redefining \ref on input line 63.
LaTeX Info: Redefining \pageref on input line 63.
LaTeX Info: Redefining \nameref on input line 63.
 (./main.out) (./main.out)
\@outlinefile=\write4
\openout4 = `main.out'.

 (./intro.tex
Package babel Info: Redefining spanish shorthand <<
(babel)             in language  on input line 1.
Package babel Info: Redefining spanish shorthand >>
(babel)             in language  on input line 1.
Package babel Info: Redefining spanish shorthand "=
(babel)             in language  on input line 1.
Package babel Info: Redefining spanish shorthand "~
(babel)             in language  on input line 1.
Package babel Info: Redefining spanish shorthand "!
(babel)             in language  on input line 1.
Package babel Info: Redefining spanish shorthand "?
(babel)             in language  on input line 1.
) (./background.tex
Package babel Info: Redefining spanish shorthand <<
(babel)             in language  on input line 1.
Package babel Info: Redefining spanish shorthand >>
(babel)             in language  on input line 1.
Package babel Info: Redefining spanish shorthand "=
(babel)             in language  on input line 1.
Package babel Info: Redefining spanish shorthand "~
(babel)             in language  on input line 1.
Package babel Info: Redefining spanish shorthand "!
(babel)             in language  on input line 1.
Package babel Info: Redefining spanish shorthand "?
(babel)             in language  on input line 1.
LaTeX Font Info:    Try loading font information for U+msa on input line 3.
 (/usr/local/texlive/2018/texmf-dist/tex/latex/amsfonts/umsa.fd
File: umsa.fd 2013/01/14 v3.01 AMS symbols A
)
LaTeX Font Info:    Try loading font information for U+msb on input line 3.
 (/usr/local/texlive/2018/texmf-dist/tex/latex/amsfonts/umsb.fd
File: umsb.fd 2013/01/14 v3.01 AMS symbols B
)
LaTeX Font Info:    Try loading font information for U+rsfs on input line 3.
 (/usr/local/texlive/2018/texmf-dist/tex/latex/jknapltx/ursfs.fd
File: ursfs.fd 1998/03/24 rsfs font definition file (jk)
)
Package babel Info: Redefining spanish shorthand <<
(babel)             in language  on input line 11.
Package babel Info: Redefining spanish shorthand >>
(babel)             in language  on input line 11.
Package babel Info: Redefining spanish shorthand "=
(babel)             in language  on input line 11.
Package babel Info: Redefining spanish shorthand "~
(babel)             in language  on input line 11.
Package babel Info: Redefining spanish shorthand "!
(babel)             in language  on input line 11.
Package babel Info: Redefining spanish shorthand "?
(babel)             in language  on input line 11.
Package babel Info: Redefining spanish shorthand <<
(babel)             in language  on input line 11.
Package babel Info: Redefining spanish shorthand >>
(babel)             in language  on input line 11.
Package babel Info: Redefining spanish shorthand "=
(babel)             in language  on input line 11.
Package babel Info: Redefining spanish shorthand "~
(babel)             in language  on input line 11.
Package babel Info: Redefining spanish shorthand "!
(babel)             in language  on input line 11.
Package babel Info: Redefining spanish shorthand "?
(babel)             in language  on input line 11.
 [1

{/usr/local/texlive/2018/texmf-var/fonts/map/pdftex/updmap/pdftex.map}]

LaTeX Warning: Reference `def2.1' on page 2 undefined on input line 18.

Package babel Info: Redefining spanish shorthand <<
(babel)             in language  on input line 27.
Package babel Info: Redefining spanish shorthand >>
(babel)             in language  on input line 27.
Package babel Info: Redefining spanish shorthand "=
(babel)             in language  on input line 27.
Package babel Info: Redefining spanish shorthand "~
(babel)             in language  on input line 27.
Package babel Info: Redefining spanish shorthand "!
(babel)             in language  on input line 27.
Package babel Info: Redefining spanish shorthand "?
(babel)             in language  on input line 27.
Package babel Info: Redefining spanish shorthand <<
(babel)             in language  on input line 27.
Package babel Info: Redefining spanish shorthand >>
(babel)             in language  on input line 27.
Package babel Info: Redefining spanish shorthand "=
(babel)             in language  on input line 27.
Package babel Info: Redefining spanish shorthand "~
(babel)             in language  on input line 27.
Package babel Info: Redefining spanish shorthand "!
(babel)             in language  on input line 27.
Package babel Info: Redefining spanish shorthand "?
(babel)             in language  on input line 27.
[2]) (./results.tex) (./proofs.tex
Package babel Info: Redefining spanish shorthand <<
(babel)             in language  on input line 1.
Package babel Info: Redefining spanish shorthand >>
(babel)             in language  on input line 1.
Package babel Info: Redefining spanish shorthand "=
(babel)             in language  on input line 1.
Package babel Info: Redefining spanish shorthand "~
(babel)             in language  on input line 1.
Package babel Info: Redefining spanish shorthand "!
(babel)             in language  on input line 1.
Package babel Info: Redefining spanish shorthand "?
(babel)             in language  on input line 1.
Package babel Info: Redefining spanish shorthand <<
(babel)             in language  on input line 10.
Package babel Info: Redefining spanish shorthand >>
(babel)             in language  on input line 10.
Package babel Info: Redefining spanish shorthand "=
(babel)             in language  on input line 10.
Package babel Info: Redefining spanish shorthand "~
(babel)             in language  on input line 10.
Package babel Info: Redefining spanish shorthand "!
(babel)             in language  on input line 10.
Package babel Info: Redefining spanish shorthand "?
(babel)             in language  on input line 10.
Package babel Info: Redefining spanish shorthand <<
(babel)             in language  on input line 10.
Package babel Info: Redefining spanish shorthand >>
(babel)             in language  on input line 10.
Package babel Info: Redefining spanish shorthand "=
(babel)             in language  on input line 10.
Package babel Info: Redefining spanish shorthand "~
(babel)             in language  on input line 10.
Package babel Info: Redefining spanish shorthand "!
(babel)             in language  on input line 10.
Package babel Info: Redefining spanish shorthand "?
(babel)             in language  on input line 10.
 [3]) (./relation.tex
Package babel Info: Redefining spanish shorthand <<
(babel)             in language  on input line 1.
Package babel Info: Redefining spanish shorthand >>
(babel)             in language  on input line 1.
Package babel Info: Redefining spanish shorthand "=
(babel)             in language  on input line 1.
Package babel Info: Redefining spanish shorthand "~
(babel)             in language  on input line 1.
Package babel Info: Redefining spanish shorthand "!
(babel)             in language  on input line 1.
Package babel Info: Redefining spanish shorthand "?
(babel)             in language  on input line 1.
Package babel Info: Redefining spanish shorthand <<
(babel)             in language  on input line 5.
Package babel Info: Redefining spanish shorthand >>
(babel)             in language  on input line 5.
Package babel Info: Redefining spanish shorthand "=
(babel)             in language  on input line 5.
Package babel Info: Redefining spanish shorthand "~
(babel)             in language  on input line 5.
Package babel Info: Redefining spanish shorthand "!
(babel)             in language  on input line 5.
Package babel Info: Redefining spanish shorthand "?
(babel)             in language  on input line 5.
Package babel Info: Redefining spanish shorthand <<
(babel)             in language  on input line 5.
Package babel Info: Redefining spanish shorthand >>
(babel)             in language  on input line 5.
Package babel Info: Redefining spanish shorthand "=
(babel)             in language  on input line 5.
Package babel Info: Redefining spanish shorthand "~
(babel)             in language  on input line 5.
Package babel Info: Redefining spanish shorthand "!
(babel)             in language  on input line 5.
Package babel Info: Redefining spanish shorthand "?
(babel)             in language  on input line 5.
 [4]) (./conclusion.tex
Package babel Info: Redefining spanish shorthand <<
(babel)             in language  on input line 1.
Package babel Info: Redefining spanish shorthand >>
(babel)             in language  on input line 1.
Package babel Info: Redefining spanish shorthand "=
(babel)             in language  on input line 1.
Package babel Info: Redefining spanish shorthand "~
(babel)             in language  on input line 1.
Package babel Info: Redefining spanish shorthand "!
(babel)             in language  on input line 1.
Package babel Info: Redefining spanish shorthand "?
(babel)             in language  on input line 1.
)
Package babel Info: Redefining spanish shorthand <<
(babel)             in language  on input line 88.
Package babel Info: Redefining spanish shorthand >>
(babel)             in language  on input line 88.
Package babel Info: Redefining spanish shorthand "=
(babel)             in language  on input line 88.
Package babel Info: Redefining spanish shorthand "~
(babel)             in language  on input line 88.
Package babel Info: Redefining spanish shorthand "!
(babel)             in language  on input line 88.
Package babel Info: Redefining spanish shorthand "?
(babel)             in language  on input line 88.
Package babel Info: Redefining spanish shorthand <<
(babel)             in language  on input line 88.
Package babel Info: Redefining spanish shorthand >>
(babel)             in language  on input line 88.
Package babel Info: Redefining spanish shorthand "=
(babel)             in language  on input line 88.
Package babel Info: Redefining spanish shorthand "~
(babel)             in language  on input line 88.
Package babel Info: Redefining spanish shorthand "!
(babel)             in language  on input line 88.
Package babel Info: Redefining spanish shorthand "?
(babel)             in language  on input line 88.
 [5]
Package atveryend Info: Empty hook `BeforeClearDocument' on input line 88.
Package atveryend Info: Empty hook `AfterLastShipout' on input line 88.
 (./main.aux
LaTeX Info: Redefining \. on input line 25.
LaTeX Info: Redefining \% on input line 25.
)
Package atveryend Info: Executing hook `AtVeryEndDocument' on input line 88.
Package atveryend Info: Executing hook `AtEndAfterFileList' on input line 88.
Package rerunfilecheck Info: File `main.out' has not changed.
(rerunfilecheck)             Checksum: 0627414B7C9FE3E65FBB47A62875E79E;242.


LaTeX Warning: There were undefined references.

 ) 
Here is how much of TeX's memory you used:
 29028 strings out of 492649
 551472 string characters out of 6129622
 639550 words of memory out of 5000000
 32383 multiletter control sequences out of 15000+600000
 544096 words of font info for 74 fonts, out of 8000000 for 9000
 1141 hyphenation exceptions out of 8191
 85i,13n,87p,10492b,371s stack positions out of 5000i,500n,10000p,200000b,80000s
</usr/local/texlive/2018/texmf-dist/fonts/type1/public/amsfonts/cm/cmbx10.pfb></usr/local/texlive/2018/texmf-dist/fonts/type1/public/amsfonts/cm/cmbx12.pfb></usr/local/texlive/2018/texmf-dist/fonts/type1/public/amsfonts/cm/cmex10.pfb></usr/local/texlive/2018/texmf-dist/fonts/type1/public/amsfonts/cm/cmmi10.pfb></usr/local/texlive/2018/texmf-dist/fonts/type1/public/amsfonts/cm/cmmi6.pfb></usr/local/texlive/2018/texmf-dist/fonts/type1/public/amsfonts/cm/cmmi8.pfb></usr/local/texlive/2018/texmf-dist/fonts/type1/public/amsfonts/cm/cmmi9.pfb></usr/local/texlive/2018/texmf-dist/fonts/type1/public/amsfonts/cm/cmmib10.pfb></usr/local/texlive/2018/texmf-dist/fonts/type1/public/amsfonts/cm/cmr10.pfb></usr/local/texlive/2018/texmf-dist/fonts/type1/public/amsfonts/cm/cmr6.pfb></usr/local/texlive/2018/texmf-dist/fonts/type1/public/amsfonts/cm/cmr8.pfb></usr/local/texlive/2018/texmf-dist/fonts/type1/public/amsfonts/cm/cmr9.pfb></usr/local/texlive/2018/texmf-dist/fonts/type1/public/amsfonts/cm/cmsy10.pfb></usr/local/texlive/2018/texmf-dist/fonts/type1/public/amsfonts/cm/cmsy6.pfb></usr/local/texlive/2018/texmf-dist/fonts/type1/public/amsfonts/cm/cmsy8.pfb></usr/local/texlive/2018/texmf-dist/fonts/type1/public/amsfonts/cm/cmti10.pfb></usr/local/texlive/2018/texmf-dist/fonts/type1/public/amsfonts/latxfont/line10.pfb></usr/local/texlive/2018/texmf-dist/fonts/type1/public/amsfonts/symbols/msbm10.pfb>
Output written on main.pdf (5 pages, 202083 bytes).
PDF statistics:
 144 PDF objects out of 1000 (max. 8388607)
 117 compressed objects within 2 object streams
 20 named destinations out of 1000 (max. 500000)
 53 words of extra memory for PDF output out of 10000 (max. 10000000)

